#
# There is insufficient memory for the Java Runtime Environment to continue.
# Native memory allocation (malloc) failed to allocate 2111840 bytes for Chunk::new
# Possible reasons:
#   The system is out of physical RAM or swap space
#   The process is running with CompressedOops enabled, and the Java Heap may be blocking the growth of the native heap
# Possible solutions:
#   Reduce memory load on the system
#   Increase physical memory or swap space
#   Check if swap backing store is full
#   Decrease Java heap size (-Xmx/-Xms)
#   Decrease number of Java threads
#   Decrease Java thread stack sizes (-Xss)
#   Set larger code cache with -XX:ReservedCodeCacheSize=
#   JVM is running with Zero Based Compressed Oops mode in which the Java heap is
#     placed in the first 32GB address space. The Java Heap base address is the
#     maximum limit for the native heap growth. Please use -XX:HeapBaseMinAddress
#     to set the Java Heap base and to place the Java Heap above 32GB virtual address.
# This output file may be truncated or incomplete.
#
#  Out of Memory Error (arena.cpp:189), pid=15476, tid=11112
#
# JRE version: OpenJDK Runtime Environment (17.0.7) (build 17.0.7+0-b2043.56-10550314)
# Java VM: OpenJDK 64-Bit Server VM (17.0.7+0-b2043.56-10550314, mixed mode, tiered, compressed oops, compressed class ptrs, g1 gc, windows-amd64)
# No core dump will be written. Minidumps are not enabled by default on client versions of Windows
#

---------------  S U M M A R Y ------------

Command Line: org.jetbrains.kotlin.cli.jvm.K2JVMCompiler @C:\Users\pawan\AndroidStudioProjects\MyApplication2\app\build\20240909_15907365995975025011.compiler.options

Host: Intel(R) Core(TM) i3-10110U CPU @ 2.10GHz, 4 cores, 11G,  Windows 11 , 64 bit Build 22621 (10.0.22621.4000)
Time: Mon Sep  9 22:12:06 2024 India Standard Time elapsed time: 17.374476 seconds (0d 0h 0m 17s)

---------------  T H R E A D  ---------------

Current thread (0x000001599804f870):  JavaThread "C2 CompilerThread0" daemon [_thread_in_native, id=11112, stack(0x000000201a200000,0x000000201a300000)]


Current CompileTask:
C2:  17374 10097       4       org.jetbrains.kotlin.load.kotlin.TypeSignatureMappingKt::mapBuiltInType (339 bytes)

Stack: [0x000000201a200000,0x000000201a300000]
Native frames: (J=compiled Java code, j=interpreted, Vv=VM code, C=native code)
V  [jvm.dll+0x683bfa]
V  [jvm.dll+0x8430a4]
V  [jvm.dll+0x8449be]
V  [jvm.dll+0x845023]
V  [jvm.dll+0x24ad2f]
V  [jvm.dll+0xac25c]
V  [jvm.dll+0xac82c]
V  [jvm.dll+0x36a187]
V  [jvm.dll+0x334821]
V  [jvm.dll+0x333cca]
V  [jvm.dll+0x21d251]
V  [jvm.dll+0x21c671]
V  [jvm.dll+0x1a605d]
V  [jvm.dll+0x22c148]
V  [jvm.dll+0x22a209]
V  [jvm.dll+0x7f858c]
V  [jvm.dll+0x7f2aea]
V  [jvm.dll+0x682a35]
C  [ucrtbase.dll+0x29333]
C  [KERNEL32.DLL+0x1257d]
C  [ntdll.dll+0x5af28]


---------------  P R O C E S S  ---------------

Threads class SMR info:
_java_thread_list=0x000001599b5570f0, length=13, elements={
0x00000159f738cd90, 0x00000159feec5510, 0x00000159feea99f0, 0x00000159feec2780,
0x00000159feec3130, 0x00000159feec8ff0, 0x00000159feec98b0, 0x000001599804f870,
0x0000015998050170, 0x00000159980bfb50, 0x00000159981aae50, 0x00000159981ba240,
0x000001599c05b9d0
}

Java Threads: ( => current thread )
  0x00000159f738cd90 JavaThread "main" [_thread_in_vm, id=1312, stack(0x0000002019500000,0x0000002019600000)]
  0x00000159feec5510 JavaThread "Reference Handler" daemon [_thread_blocked, id=8516, stack(0x0000002019c00000,0x0000002019d00000)]
  0x00000159feea99f0 JavaThread "Finalizer" daemon [_thread_blocked, id=10544, stack(0x0000002019d00000,0x0000002019e00000)]
  0x00000159feec2780 JavaThread "Signal Dispatcher" daemon [_thread_blocked, id=8924, stack(0x0000002019e00000,0x0000002019f00000)]
  0x00000159feec3130 JavaThread "Attach Listener" daemon [_thread_blocked, id=7436, stack(0x0000002019f00000,0x000000201a000000)]
  0x00000159feec8ff0 JavaThread "Service Thread" daemon [_thread_blocked, id=8572, stack(0x000000201a000000,0x000000201a100000)]
  0x00000159feec98b0 JavaThread "Monitor Deflation Thread" daemon [_thread_blocked, id=12108, stack(0x000000201a100000,0x000000201a200000)]
=>0x000001599804f870 JavaThread "C2 CompilerThread0" daemon [_thread_in_native, id=11112, stack(0x000000201a200000,0x000000201a300000)]
  0x0000015998050170 JavaThread "C1 CompilerThread0" daemon [_thread_blocked, id=13492, stack(0x000000201a300000,0x000000201a400000)]
  0x00000159980bfb50 JavaThread "Sweeper thread" daemon [_thread_blocked, id=6792, stack(0x000000201a400000,0x000000201a500000)]
  0x00000159981aae50 JavaThread "Notification Thread" daemon [_thread_blocked, id=14476, stack(0x000000201a500000,0x000000201a600000)]
  0x00000159981ba240 JavaThread "Common-Cleaner" daemon [_thread_blocked, id=4316, stack(0x000000201a700000,0x000000201a800000)]
  0x000001599c05b9d0 JavaThread "C2 CompilerThread1" daemon [_thread_in_vm, id=16700, stack(0x000000201ab00000,0x000000201ac00000)]

Other Threads:
  0x00000159fee6f7d0 VMThread "VM Thread" [stack: 0x0000002019b00000,0x0000002019c00000] [id=5140]
  0x00000159981ad330 WatcherThread [stack: 0x000000201a600000,0x000000201a700000] [id=15656]
  0x00000159f73e68b0 GCTaskThread "GC Thread#0" [stack: 0x0000002019600000,0x0000002019700000] [id=12812]
  0x00000159986b3a00 GCTaskThread "GC Thread#1" [stack: 0x000000201a800000,0x000000201a900000] [id=11684]
  0x00000159986b3cb0 GCTaskThread "GC Thread#2" [stack: 0x000000201a900000,0x000000201aa00000] [id=3476]
  0x00000159986b3f60 GCTaskThread "GC Thread#3" [stack: 0x000000201aa00000,0x000000201ab00000] [id=11692]
  0x00000159f73f3570 ConcurrentGCThread "G1 Main Marker" [stack: 0x0000002019700000,0x0000002019800000] [id=6016]
  0x00000159f73f3f80 ConcurrentGCThread "G1 Conc#0" [stack: 0x0000002019800000,0x0000002019900000] [id=10268]
  0x00000159f744d920 ConcurrentGCThread "G1 Refine#0" [stack: 0x0000002019900000,0x0000002019a00000] [id=13060]
  0x00000159f744e340 ConcurrentGCThread "G1 Service" [stack: 0x0000002019a00000,0x0000002019b00000] [id=316]

Threads with active compile tasks:
C2 CompilerThread0    17395 10097       4       org.jetbrains.kotlin.load.kotlin.TypeSignatureMappingKt::mapBuiltInType (339 bytes)
C2 CompilerThread1    17395 10319       4       java.lang.AbstractStringBuilder::append (63 bytes)

VM state: not at safepoint (normal execution)

VM Mutex/Monitor currently owned by a thread: None

Heap address: 0x0000000742800000, size: 3032 MB, Compressed Oops mode: Zero based, Oop shift amount: 3

CDS archive(s) not mapped
Compressed class space mapped at: 0x0000000800000000-0x0000000840000000, reserved size: 1073741824
Narrow klass base: 0x0000000800000000, Narrow klass shift: 0, Narrow klass range: 0x40000000

GC Precious Log:
 CPUs: 4 total, 4 available
 Memory: 12122M
 Large Page Support: Disabled
 NUMA Support: Disabled
 Compressed Oops: Enabled (Zero based)
 Heap Region Size: 2M
 Heap Min Capacity: 8M
 Heap Initial Capacity: 190M
 Heap Max Capacity: 3032M
 Pre-touch: Disabled
 Parallel Workers: 4
 Concurrent Workers: 1
 Concurrent Refinement Workers: 4
 Periodic GC: Disabled

Heap:
 garbage-first heap   total 137216K, used 90177K [0x0000000742800000, 0x0000000800000000)
  region size 2048K, 19 young (38912K), 3 survivors (6144K)
 Metaspace       used 78977K, committed 79296K, reserved 1179648K
  class space    used 8960K, committed 9088K, reserved 1048576K

Heap Regions: E=young(eden), S=young(survivor), O=old, HS=humongous(starts), HC=humongous(continues), CS=collection set, F=free, OA=open archive, CA=closed archive, TAMS=top-at-mark-start (previous, next)
|   0|0x0000000742800000, 0x0000000742a00000, 0x0000000742a00000|100%|HS|  |TAMS 0x0000000742a00000, 0x0000000742800000| Complete 
|   1|0x0000000742a00000, 0x0000000742c00000, 0x0000000742c00000|100%|HC|  |TAMS 0x0000000742c00000, 0x0000000742a00000| Complete 
|   2|0x0000000742c00000, 0x0000000742ddb000, 0x0000000742e00000| 92%| O|  |TAMS 0x0000000742ddb000, 0x0000000742c00000| Untracked 
|   3|0x0000000742e00000, 0x0000000743000000, 0x0000000743000000|100%| O|  |TAMS 0x0000000743000000, 0x0000000742e00000| Untracked 
|   4|0x0000000743000000, 0x0000000743200000, 0x0000000743200000|100%| O|  |TAMS 0x0000000743200000, 0x0000000743000000| Untracked 
|   5|0x0000000743200000, 0x0000000743400000, 0x0000000743400000|100%| O|  |TAMS 0x0000000743400000, 0x0000000743200000| Untracked 
|   6|0x0000000743400000, 0x0000000743600000, 0x0000000743600000|100%| O|  |TAMS 0x0000000743600000, 0x0000000743400000| Untracked 
|   7|0x0000000743600000, 0x0000000743800000, 0x0000000743800000|100%|HS|  |TAMS 0x0000000743800000, 0x0000000743600000| Complete 
|   8|0x0000000743800000, 0x0000000743a00000, 0x0000000743a00000|100%| O|  |TAMS 0x0000000743a00000, 0x0000000743800000| Untracked 
|   9|0x0000000743a00000, 0x0000000743c00000, 0x0000000743c00000|100%| O|  |TAMS 0x0000000743c00000, 0x0000000743a00000| Untracked 
|  10|0x0000000743c00000, 0x0000000743e00000, 0x0000000743e00000|100%| O|  |TAMS 0x0000000743e00000, 0x0000000743c00000| Untracked 
|  11|0x0000000743e00000, 0x0000000744000000, 0x0000000744000000|100%| O|  |TAMS 0x0000000744000000, 0x0000000743e00000| Untracked 
|  12|0x0000000744000000, 0x0000000744200000, 0x0000000744200000|100%| O|  |TAMS 0x0000000744200000, 0x0000000744000000| Untracked 
|  13|0x0000000744200000, 0x0000000744400000, 0x0000000744400000|100%| O|  |TAMS 0x0000000744400000, 0x0000000744200000| Untracked 
|  14|0x0000000744400000, 0x0000000744600000, 0x0000000744600000|100%| O|  |TAMS 0x0000000744600000, 0x0000000744400000| Untracked 
|  15|0x0000000744600000, 0x0000000744800000, 0x0000000744800000|100%| O|  |TAMS 0x0000000744800000, 0x0000000744600000| Untracked 
|  16|0x0000000744800000, 0x00000007448e6a00, 0x0000000744a00000| 45%| O|  |TAMS 0x00000007448e6a00, 0x0000000744800000| Untracked 
|  17|0x0000000744a00000, 0x0000000744c00000, 0x0000000744c00000|100%| O|  |TAMS 0x0000000744a00000, 0x0000000744a00000| Untracked 
|  18|0x0000000744c00000, 0x0000000744e00000, 0x0000000744e00000|100%| O|  |TAMS 0x0000000744c00000, 0x0000000744c00000| Untracked 
|  19|0x0000000744e00000, 0x0000000745000000, 0x0000000745000000|100%| O|  |TAMS 0x0000000744e00000, 0x0000000744e00000| Untracked 
|  20|0x0000000745000000, 0x0000000745200000, 0x0000000745200000|100%| O|  |TAMS 0x0000000745000000, 0x0000000745000000| Untracked 
|  21|0x0000000745200000, 0x0000000745400000, 0x0000000745400000|100%| O|  |TAMS 0x0000000745200000, 0x0000000745200000| Untracked 
|  22|0x0000000745400000, 0x0000000745600000, 0x0000000745600000|100%| O|  |TAMS 0x0000000745400000, 0x0000000745400000| Untracked 
|  23|0x0000000745600000, 0x0000000745800000, 0x0000000745800000|100%| O|  |TAMS 0x0000000745600000, 0x0000000745600000| Untracked 
|  24|0x0000000745800000, 0x0000000745a00000, 0x0000000745a00000|100%| O|  |TAMS 0x0000000745800000, 0x0000000745800000| Untracked 
|  25|0x0000000745a00000, 0x0000000745c00000, 0x0000000745c00000|100%| O|  |TAMS 0x0000000745a00000, 0x0000000745a00000| Untracked 
|  26|0x0000000745c00000, 0x0000000745d7fc00, 0x0000000745e00000| 74%| O|  |TAMS 0x0000000745c00000, 0x0000000745c00000| Untracked 
|  27|0x0000000745e00000, 0x0000000745e00000, 0x0000000746000000|  0%| F|  |TAMS 0x0000000745e00000, 0x0000000745e00000| Untracked 
|  28|0x0000000746000000, 0x0000000746000000, 0x0000000746200000|  0%| F|  |TAMS 0x0000000746000000, 0x0000000746000000| Untracked 
|  29|0x0000000746200000, 0x0000000746200000, 0x0000000746400000|  0%| F|  |TAMS 0x0000000746200000, 0x0000000746200000| Untracked 
|  30|0x0000000746400000, 0x0000000746400000, 0x0000000746600000|  0%| F|  |TAMS 0x0000000746400000, 0x0000000746400000| Untracked 
|  31|0x0000000746600000, 0x0000000746600000, 0x0000000746800000|  0%| F|  |TAMS 0x0000000746600000, 0x0000000746600000| Untracked 
|  32|0x0000000746800000, 0x0000000746800000, 0x0000000746a00000|  0%| F|  |TAMS 0x0000000746800000, 0x0000000746800000| Untracked 
|  33|0x0000000746a00000, 0x0000000746a00000, 0x0000000746c00000|  0%| F|  |TAMS 0x0000000746a00000, 0x0000000746a00000| Untracked 
|  34|0x0000000746c00000, 0x0000000746c00000, 0x0000000746e00000|  0%| F|  |TAMS 0x0000000746c00000, 0x0000000746c00000| Untracked 
|  35|0x0000000746e00000, 0x0000000746e00000, 0x0000000747000000|  0%| F|  |TAMS 0x0000000746e00000, 0x0000000746e00000| Untracked 
|  36|0x0000000747000000, 0x0000000747000000, 0x0000000747200000|  0%| F|  |TAMS 0x0000000747000000, 0x0000000747000000| Untracked 
|  37|0x0000000747200000, 0x00000007473cf080, 0x0000000747400000| 90%| S|CS|TAMS 0x0000000747200000, 0x0000000747200000| Complete 
|  38|0x0000000747400000, 0x0000000747400000, 0x0000000747600000|  0%| F|  |TAMS 0x0000000747400000, 0x0000000747400000| Untracked 
|  39|0x0000000747600000, 0x0000000747600000, 0x0000000747800000|  0%| F|  |TAMS 0x0000000747600000, 0x0000000747600000| Untracked 
|  40|0x0000000747800000, 0x0000000747800000, 0x0000000747a00000|  0%| F|  |TAMS 0x0000000747800000, 0x0000000747800000| Untracked 
|  41|0x0000000747a00000, 0x0000000747a00000, 0x0000000747c00000|  0%| F|  |TAMS 0x0000000747a00000, 0x0000000747a00000| Untracked 
|  42|0x0000000747c00000, 0x0000000747e00000, 0x0000000747e00000|100%| S|CS|TAMS 0x0000000747c00000, 0x0000000747c00000| Complete 
|  43|0x0000000747e00000, 0x0000000748000000, 0x0000000748000000|100%| S|CS|TAMS 0x0000000747e00000, 0x0000000747e00000| Complete 
|  44|0x0000000748000000, 0x0000000748000000, 0x0000000748200000|  0%| F|  |TAMS 0x0000000748000000, 0x0000000748000000| Untracked 
|  45|0x0000000748200000, 0x0000000748200000, 0x0000000748400000|  0%| F|  |TAMS 0x0000000748200000, 0x0000000748200000| Untracked 
|  46|0x0000000748400000, 0x0000000748400000, 0x0000000748600000|  0%| F|  |TAMS 0x0000000748400000, 0x0000000748400000| Untracked 
|  47|0x0000000748600000, 0x0000000748600000, 0x0000000748800000|  0%| F|  |TAMS 0x0000000748600000, 0x0000000748600000| Untracked 
|  48|0x0000000748800000, 0x0000000748800000, 0x0000000748a00000|  0%| F|  |TAMS 0x0000000748800000, 0x0000000748800000| Untracked 
|  49|0x0000000748a00000, 0x0000000748a00000, 0x0000000748c00000|  0%| F|  |TAMS 0x0000000748a00000, 0x0000000748a00000| Untracked 
|  50|0x0000000748c00000, 0x0000000748c00000, 0x0000000748e00000|  0%| F|  |TAMS 0x0000000748c00000, 0x0000000748c00000| Untracked 
|  51|0x0000000748e00000, 0x0000000748ee0bf8, 0x0000000749000000| 43%| E|  |TAMS 0x0000000748e00000, 0x0000000748e00000| Complete 
|  52|0x0000000749000000, 0x0000000749200000, 0x0000000749200000|100%| E|CS|TAMS 0x0000000749000000, 0x0000000749000000| Complete 
|  53|0x0000000749200000, 0x0000000749400000, 0x0000000749400000|100%| E|CS|TAMS 0x0000000749200000, 0x0000000749200000| Complete 
|  54|0x0000000749400000, 0x0000000749600000, 0x0000000749600000|100%| E|CS|TAMS 0x0000000749400000, 0x0000000749400000| Complete 
|  55|0x0000000749600000, 0x0000000749800000, 0x0000000749800000|100%| E|CS|TAMS 0x0000000749600000, 0x0000000749600000| Complete 
|  56|0x0000000749800000, 0x0000000749a00000, 0x0000000749a00000|100%| E|CS|TAMS 0x0000000749800000, 0x0000000749800000| Complete 
|  57|0x0000000749a00000, 0x0000000749c00000, 0x0000000749c00000|100%| E|CS|TAMS 0x0000000749a00000, 0x0000000749a00000| Complete 
|  58|0x0000000749c00000, 0x0000000749e00000, 0x0000000749e00000|100%| E|CS|TAMS 0x0000000749c00000, 0x0000000749c00000| Complete 
|  59|0x0000000749e00000, 0x000000074a000000, 0x000000074a000000|100%| E|CS|TAMS 0x0000000749e00000, 0x0000000749e00000| Complete 
|  60|0x000000074a000000, 0x000000074a200000, 0x000000074a200000|100%| E|CS|TAMS 0x000000074a000000, 0x000000074a000000| Complete 
|  61|0x000000074a200000, 0x000000074a400000, 0x000000074a400000|100%| E|CS|TAMS 0x000000074a200000, 0x000000074a200000| Complete 
|  62|0x000000074a400000, 0x000000074a600000, 0x000000074a600000|100%| E|CS|TAMS 0x000000074a400000, 0x000000074a400000| Complete 
|  63|0x000000074a600000, 0x000000074a800000, 0x000000074a800000|100%| E|CS|TAMS 0x000000074a600000, 0x000000074a600000| Complete 
|  64|0x000000074a800000, 0x000000074aa00000, 0x000000074aa00000|100%| E|CS|TAMS 0x000000074a800000, 0x000000074a800000| Complete 
|  65|0x000000074aa00000, 0x000000074ac00000, 0x000000074ac00000|100%| E|CS|TAMS 0x000000074aa00000, 0x000000074aa00000| Complete 
|  94|0x000000074e400000, 0x000000074e600000, 0x000000074e600000|100%| E|CS|TAMS 0x000000074e400000, 0x000000074e400000| Complete 

Card table byte_map: [0x00000159fae50000,0x00000159fb440000] _byte_map_base: 0x00000159f743c000

Marking Bits (Prev, Next): (CMBitMap*) 0x00000159f73e6ec0, (CMBitMap*) 0x00000159f73e6f00
 Prev Bits: [0x00000159fba30000, 0x00000159fe990000)
 Next Bits: [0x000001598f000000, 0x0000015991f60000)

Polling page: 0x00000159f5300000

Metaspace:

Usage:
  Non-class:     68.40 MB used.
      Class:      8.75 MB used.
       Both:     77.15 MB used.

Virtual space:
  Non-class space:      128.00 MB reserved,      68.56 MB ( 54%) committed,  2 nodes.
      Class space:        1.00 GB reserved,       8.88 MB ( <1%) committed,  1 nodes.
             Both:        1.12 GB reserved,      77.44 MB (  7%) committed. 

Chunk freelists:
   Non-Class:  11.06 MB
       Class:  7.14 MB
        Both:  18.20 MB

MaxMetaspaceSize: unlimited
CompressedClassSpaceSize: 1.00 GB
Initial GC threshold: 21.00 MB
Current GC threshold: 87.44 MB
CDS: off
MetaspaceReclaimPolicy: balanced
 - commit_granule_bytes: 65536.
 - commit_granule_words: 8192.
 - virtual_space_node_default_size: 8388608.
 - enlarge_chunks_in_place: 1.
 - new_chunks_are_fully_committed: 0.
 - uncommit_free_chunks: 1.
 - use_allocation_guard: 0.
 - handle_deallocations: 1.


Internal statistics:

num_allocs_failed_limit: 6.
num_arena_births: 396.
num_arena_deaths: 0.
num_vsnodes_births: 3.
num_vsnodes_deaths: 0.
num_space_committed: 1237.
num_space_uncommitted: 0.
num_chunks_returned_to_freelist: 6.
num_chunks_taken_from_freelist: 2874.
num_chunk_merges: 6.
num_chunk_splits: 2388.
num_chunks_enlarged: 2116.
num_inconsistent_stats: 0.

CodeHeap 'non-profiled nmethods': size=120000Kb used=4463Kb max_used=4463Kb free=115536Kb
 bounds [0x0000015987ad0000, 0x0000015987f30000, 0x000001598f000000]
CodeHeap 'profiled nmethods': size=120000Kb used=24652Kb max_used=24652Kb free=95347Kb
 bounds [0x0000015980000000, 0x0000015981820000, 0x0000015987530000]
CodeHeap 'non-nmethods': size=5760Kb used=1398Kb max_used=1457Kb free=4361Kb
 bounds [0x0000015987530000, 0x00000159877a0000, 0x0000015987ad0000]
 total_blobs=9704 nmethods=8975 adapters=638
 compilation: enabled
              stopped_count=0, restarted_count=0
 full_count=0

Compilation events (20 events):
Event: 17.366 Thread 0x0000015998050170 10313       3       org.jetbrains.kotlin.codegen.pseudoInsns.PseudoInsn::isa (20 bytes)
Event: 17.366 Thread 0x0000015998050170 nmethod 10313 0x000001598180a110 code [0x000001598180a400, 0x000001598180b288]
Event: 17.366 Thread 0x0000015998050170 10316       3       org.jetbrains.kotlin.com.intellij.psi.impl.file.impl.FileManagerImpl::findDirectory (118 bytes)
Event: 17.368 Thread 0x0000015998050170 nmethod 10316 0x000001598180b710 code [0x000001598180bac0, 0x000001598180d0e8]
Event: 17.368 Thread 0x0000015998050170 10315       3       org.jetbrains.org.objectweb.asm.ByteVector::putShort (52 bytes)
Event: 17.368 Thread 0x0000015998050170 nmethod 10315 0x000001598180d790 code [0x000001598180d940, 0x000001598180db48]
Event: 17.368 Thread 0x0000015998050170 10306       3       org.jetbrains.org.objectweb.asm.tree.InsnNode::accept (14 bytes)
Event: 17.368 Thread 0x0000015998050170 nmethod 10306 0x000001598180dc90 code [0x000001598180de40, 0x000001598180e058]
Event: 17.368 Thread 0x0000015998050170 10308       3       org.jetbrains.org.objectweb.asm.tree.LabelNode::accept (9 bytes)
Event: 17.369 Thread 0x0000015998050170 nmethod 10308 0x000001598180e190 code [0x000001598180e360, 0x000001598180e788]
Event: 17.369 Thread 0x0000015998050170 10318       1       kotlin.collections.builders.ListBuilder::access$getLength$p (5 bytes)
Event: 17.369 Thread 0x0000015998050170 nmethod 10318 0x0000015987d2ec10 code [0x0000015987d2eda0, 0x0000015987d2ee58]
Event: 17.369 Thread 0x0000015998050170 10320       3       org.jetbrains.kotlin.backend.jvm.MultifileFacadesKt::isMultifileBridge (45 bytes)
Event: 17.369 Thread 0x0000015998050170 nmethod 10320 0x000001598180e910 code [0x000001598180eb80, 0x000001598180f6c8]
Event: 17.369 Thread 0x0000015998050170 10307       3       org.jetbrains.kotlin.codegen.inline.MaxStackFrameSizeAndLocalsCalculator$ControlFlowEdge::<init> (20 bytes)
Event: 17.370 Thread 0x0000015998050170 nmethod 10307 0x000001598180fa10 code [0x000001598180fba0, 0x000001598180fd78]
Event: 17.370 Thread 0x0000015998050170 10321       3       org.jetbrains.kotlin.backend.jvm.codegen.ExpressionCodegen::markLineNumber (110 bytes)
Event: 17.370 Thread 0x0000015998050170 nmethod 10321 0x000001598180fe90 code [0x00000159818100a0, 0x00000159818107a8]
Event: 17.370 Thread 0x0000015998050170 10322       3       org.jetbrains.kotlin.codegen.inline.MaxStackFrameSizeAndLocalsCalculator$LabelWrapper::addSuccessor (21 bytes)
Event: 17.370 Thread 0x0000015998050170 nmethod 10322 0x0000015981810990 code [0x0000015981810b40, 0x0000015981810ea8]

GC Heap History (20 events):
Event: 4.948 GC heap before
{Heap before GC invocations=10 (full 0):
 garbage-first heap   total 49152K, used 34629K [0x0000000742800000, 0x0000000800000000)
  region size 2048K, 9 young (18432K), 2 survivors (4096K)
 Metaspace       used 41516K, committed 41728K, reserved 1114112K
  class space    used 5085K, committed 5184K, reserved 1048576K
}
Event: 4.952 GC heap after
{Heap after GC invocations=11 (full 0):
 garbage-first heap   total 49152K, used 21084K [0x0000000742800000, 0x0000000800000000)
  region size 2048K, 2 young (4096K), 2 survivors (4096K)
 Metaspace       used 41516K, committed 41728K, reserved 1114112K
  class space    used 5085K, committed 5184K, reserved 1048576K
}
Event: 5.438 GC heap before
{Heap before GC invocations=11 (full 0):
 garbage-first heap   total 49152K, used 35420K [0x0000000742800000, 0x0000000800000000)
  region size 2048K, 9 young (18432K), 2 survivors (4096K)
 Metaspace       used 45761K, committed 45952K, reserved 1114112K
  class space    used 5593K, committed 5696K, reserved 1048576K
}
Event: 5.446 GC heap after
{Heap after GC invocations=12 (full 0):
 garbage-first heap   total 61440K, used 22554K [0x0000000742800000, 0x0000000800000000)
  region size 2048K, 2 young (4096K), 2 survivors (4096K)
 Metaspace       used 45761K, committed 45952K, reserved 1114112K
  class space    used 5593K, committed 5696K, reserved 1048576K
}
Event: 5.863 GC heap before
{Heap before GC invocations=12 (full 0):
 garbage-first heap   total 61440K, used 47130K [0x0000000742800000, 0x0000000800000000)
  region size 2048K, 13 young (26624K), 2 survivors (4096K)
 Metaspace       used 49406K, committed 49600K, reserved 1114112K
  class space    used 6018K, committed 6080K, reserved 1048576K
}
Event: 5.874 GC heap after
{Heap after GC invocations=13 (full 0):
 garbage-first heap   total 61440K, used 27970K [0x0000000742800000, 0x0000000800000000)
  region size 2048K, 2 young (4096K), 2 survivors (4096K)
 Metaspace       used 49406K, committed 49600K, reserved 1114112K
  class space    used 6018K, committed 6080K, reserved 1048576K
}
Event: 6.493 GC heap before
{Heap before GC invocations=13 (full 0):
 garbage-first heap   total 61440K, used 46402K [0x0000000742800000, 0x0000000800000000)
  region size 2048K, 11 young (22528K), 2 survivors (4096K)
 Metaspace       used 52053K, committed 52224K, reserved 1114112K
  class space    used 6269K, committed 6336K, reserved 1048576K
}
Event: 6.508 GC heap after
{Heap after GC invocations=14 (full 0):
 garbage-first heap   total 61440K, used 31591K [0x0000000742800000, 0x0000000800000000)
  region size 2048K, 2 young (4096K), 2 survivors (4096K)
 Metaspace       used 52053K, committed 52224K, reserved 1114112K
  class space    used 6269K, committed 6336K, reserved 1048576K
}
Event: 6.900 GC heap before
{Heap before GC invocations=14 (full 0):
 garbage-first heap   total 61440K, used 45927K [0x0000000742800000, 0x0000000800000000)
  region size 2048K, 9 young (18432K), 2 survivors (4096K)
 Metaspace       used 52620K, committed 52928K, reserved 1114112K
  class space    used 6278K, committed 6400K, reserved 1048576K
}
Event: 6.909 GC heap after
{Heap after GC invocations=15 (full 0):
 garbage-first heap   total 61440K, used 34217K [0x0000000742800000, 0x0000000800000000)
  region size 2048K, 2 young (4096K), 2 survivors (4096K)
 Metaspace       used 52620K, committed 52928K, reserved 1114112K
  class space    used 6278K, committed 6400K, reserved 1048576K
}
Event: 7.012 GC heap before
{Heap before GC invocations=16 (full 0):
 garbage-first heap   total 75776K, used 46505K [0x0000000742800000, 0x0000000800000000)
  region size 2048K, 8 young (16384K), 2 survivors (4096K)
 Metaspace       used 52641K, committed 52928K, reserved 1114112K
  class space    used 6278K, committed 6400K, reserved 1048576K
}
Event: 7.017 GC heap after
{Heap after GC invocations=17 (full 0):
 garbage-first heap   total 75776K, used 34046K [0x0000000742800000, 0x0000000800000000)
  region size 2048K, 1 young (2048K), 1 survivors (2048K)
 Metaspace       used 52641K, committed 52928K, reserved 1114112K
  class space    used 6278K, committed 6400K, reserved 1048576K
}
Event: 7.714 GC heap before
{Heap before GC invocations=17 (full 0):
 garbage-first heap   total 75776K, used 56574K [0x0000000742800000, 0x0000000800000000)
  region size 2048K, 12 young (24576K), 1 survivors (2048K)
 Metaspace       used 53387K, committed 53632K, reserved 1114112K
  class space    used 6348K, committed 6464K, reserved 1048576K
}
Event: 7.724 GC heap after
{Heap after GC invocations=18 (full 0):
 garbage-first heap   total 151552K, used 36565K [0x0000000742800000, 0x0000000800000000)
  region size 2048K, 2 young (4096K), 2 survivors (4096K)
 Metaspace       used 53387K, committed 53632K, reserved 1114112K
  class space    used 6348K, committed 6464K, reserved 1048576K
}
Event: 11.669 GC heap before
{Heap before GC invocations=19 (full 0):
 garbage-first heap   total 137216K, used 114389K [0x0000000742800000, 0x0000000800000000)
  region size 2048K, 40 young (81920K), 2 survivors (4096K)
 Metaspace       used 59746K, committed 59968K, reserved 1114112K
  class space    used 7005K, committed 7104K, reserved 1048576K
}
Event: 11.690 GC heap after
{Heap after GC invocations=20 (full 0):
 garbage-first heap   total 137216K, used 46117K [0x0000000742800000, 0x0000000800000000)
  region size 2048K, 5 young (10240K), 5 survivors (10240K)
 Metaspace       used 59746K, committed 59968K, reserved 1114112K
  class space    used 7005K, committed 7104K, reserved 1048576K
}
Event: 13.105 GC heap before
{Heap before GC invocations=20 (full 0):
 garbage-first heap   total 137216K, used 95269K [0x0000000742800000, 0x0000000800000000)
  region size 2048K, 30 young (61440K), 5 survivors (10240K)
 Metaspace       used 66154K, committed 66496K, reserved 1114112K
  class space    used 7682K, committed 7872K, reserved 1048576K
}
Event: 13.125 GC heap after
{Heap after GC invocations=21 (full 0):
 garbage-first heap   total 137216K, used 53926K [0x0000000742800000, 0x0000000800000000)
  region size 2048K, 4 young (8192K), 4 survivors (8192K)
 Metaspace       used 66154K, committed 66496K, reserved 1114112K
  class space    used 7682K, committed 7872K, reserved 1048576K
}
Event: 15.751 GC heap before
{Heap before GC invocations=21 (full 0):
 garbage-first heap   total 137216K, used 98982K [0x0000000742800000, 0x0000000800000000)
  region size 2048K, 27 young (55296K), 4 survivors (8192K)
 Metaspace       used 73926K, committed 74240K, reserved 1179648K
  class space    used 8502K, committed 8640K, reserved 1048576K
}
Event: 15.770 GC heap after
{Heap after GC invocations=22 (full 0):
 garbage-first heap   total 137216K, used 59457K [0x0000000742800000, 0x0000000800000000)
  region size 2048K, 3 young (6144K), 3 survivors (6144K)
 Metaspace       used 73926K, committed 74240K, reserved 1179648K
  class space    used 8502K, committed 8640K, reserved 1048576K
}

Dll operation events (2 events):
Event: 0.126 Loaded shared library D:\android-studio\jbr\bin\java.dll
Event: 3.384 Loaded shared library D:\android-studio\jbr\bin\verify.dll

Deoptimization events (20 events):
Event: 17.277 Thread 0x00000159f738cd90 Uncommon trap: trap_request=0xffffff45 fr.pc=0x0000015987d656ac relative=0x000000000000018c
Event: 17.277 Thread 0x00000159f738cd90 Uncommon trap: reason=unstable_if action=reinterpret pc=0x0000015987d656ac method=org.jetbrains.kotlin.protobuf.SmallSortedMap.entrySet()Ljava/util/Set; @ 4 c2
Event: 17.277 Thread 0x00000159f738cd90 DEOPT PACKING pc=0x0000015987d656ac sp=0x00000020195fc780
Event: 17.277 Thread 0x00000159f738cd90 DEOPT UNPACKING pc=0x00000159875869a3 sp=0x00000020195fc740 mode 2
Event: 17.341 Thread 0x00000159f738cd90 Uncommon trap: trap_request=0xffffffde fr.pc=0x0000015987f256d4 relative=0x0000000000002cb4
Event: 17.341 Thread 0x00000159f738cd90 Uncommon trap: reason=class_check action=maybe_recompile pc=0x0000015987f256d4 method=org.jetbrains.kotlin.backend.jvm.mapping.IrTypeMapper.writeGenericType(Lorg/jetbrains/kotlin/codegen/signature/JvmSignatureWriter;Lorg/jetbrains/kotlin/types/model/Kotli
Event: 17.341 Thread 0x00000159f738cd90 DEOPT PACKING pc=0x0000015987f256d4 sp=0x00000020195fc520
Event: 17.341 Thread 0x00000159f738cd90 DEOPT UNPACKING pc=0x00000159875869a3 sp=0x00000020195fc448 mode 2
Event: 17.347 Thread 0x00000159f738cd90 Uncommon trap: trap_request=0xffffffde fr.pc=0x0000015987f256d4 relative=0x0000000000002cb4
Event: 17.347 Thread 0x00000159f738cd90 Uncommon trap: reason=class_check action=maybe_recompile pc=0x0000015987f256d4 method=org.jetbrains.kotlin.backend.jvm.mapping.IrTypeMapper.writeGenericType(Lorg/jetbrains/kotlin/codegen/signature/JvmSignatureWriter;Lorg/jetbrains/kotlin/types/model/Kotli
Event: 17.347 Thread 0x00000159f738cd90 DEOPT PACKING pc=0x0000015987f256d4 sp=0x00000020195fc2a0
Event: 17.347 Thread 0x00000159f738cd90 DEOPT UNPACKING pc=0x00000159875869a3 sp=0x00000020195fc1c8 mode 2
Event: 17.351 Thread 0x00000159f738cd90 Uncommon trap: trap_request=0xffffffde fr.pc=0x0000015987f256d4 relative=0x0000000000002cb4
Event: 17.351 Thread 0x00000159f738cd90 Uncommon trap: reason=class_check action=maybe_recompile pc=0x0000015987f256d4 method=org.jetbrains.kotlin.backend.jvm.mapping.IrTypeMapper.writeGenericType(Lorg/jetbrains/kotlin/codegen/signature/JvmSignatureWriter;Lorg/jetbrains/kotlin/types/model/Kotli
Event: 17.351 Thread 0x00000159f738cd90 DEOPT PACKING pc=0x0000015987f256d4 sp=0x00000020195fbf50
Event: 17.351 Thread 0x00000159f738cd90 DEOPT UNPACKING pc=0x00000159875869a3 sp=0x00000020195fbe78 mode 2
Event: 17.351 Thread 0x00000159f738cd90 Uncommon trap: trap_request=0xffffffde fr.pc=0x0000015987f256d4 relative=0x0000000000002cb4
Event: 17.351 Thread 0x00000159f738cd90 Uncommon trap: reason=class_check action=maybe_recompile pc=0x0000015987f256d4 method=org.jetbrains.kotlin.backend.jvm.mapping.IrTypeMapper.writeGenericType(Lorg/jetbrains/kotlin/codegen/signature/JvmSignatureWriter;Lorg/jetbrains/kotlin/types/model/Kotli
Event: 17.351 Thread 0x00000159f738cd90 DEOPT PACKING pc=0x0000015987f256d4 sp=0x00000020195fc0b0
Event: 17.351 Thread 0x00000159f738cd90 DEOPT UNPACKING pc=0x00000159875869a3 sp=0x00000020195fbfd8 mode 2

Classes unloaded (0 events):
No events

Classes redefined (0 events):
No events

Internal exceptions (20 events):
Event: 6.304 Thread 0x00000159f738cd90 Exception <a 'java/lang/NoSuchMethodError'{0x00000007455d05f8}: 'java.lang.Object java.lang.invoke.DirectMethodHandle$Holder.invokeStaticInit(java.lang.Object, java.lang.Object, java.lang.Object)'> (0x00000007455d05f8) 
thrown [s\src\hotspot\share\interpreter\linkResolver.cpp, line 771]
Event: 7.697 Thread 0x00000159f738cd90 Exception <a 'java/lang/NoSuchMethodError'{0x0000000745b4eac8}: 'int java.lang.invoke.DirectMethodHandle$Holder.invokeStaticInit(java.lang.Object, int)'> (0x0000000745b4eac8) 
thrown [s\src\hotspot\share\interpreter\linkResolver.cpp, line 771]
Event: 8.187 Thread 0x00000159f738cd90 Implicit null exception at 0x0000015987d01bcc to 0x0000015987d02008
Event: 8.208 Thread 0x00000159f738cd90 Implicit null exception at 0x0000015987b1eb8f to 0x0000015987b1ee1c
Event: 8.215 Thread 0x00000159f738cd90 Implicit null exception at 0x0000015987b3bf0f to 0x0000015987b3bf89
Event: 8.897 Thread 0x00000159f738cd90 Implicit null exception at 0x0000015987d20f60 to 0x0000015987d229f4
Event: 8.897 Thread 0x00000159f738cd90 Implicit null exception at 0x0000015987d00a40 to 0x0000015987d011e8
Event: 9.909 Thread 0x00000159f738cd90 Exception <a 'java/lang/NoSuchMethodError'{0x0000000747cc2b88}: 'java.lang.Object java.lang.invoke.DirectMethodHandle$Holder.invokeInterface(java.lang.Object, java.lang.Object, java.lang.Object)'> (0x0000000747cc2b88) 
thrown [s\src\hotspot\share\interpreter\linkResolver.cpp, line 771]
Event: 9.910 Thread 0x00000159f738cd90 Exception <a 'java/lang/IncompatibleClassChangeError'{0x0000000747cc67a0}: Found class java.lang.Object, but interface was expected> (0x0000000747cc67a0) 
thrown [s\src\hotspot\share\interpreter\linkResolver.cpp, line 838]
Event: 10.660 Thread 0x00000159f738cd90 Implicit null exception at 0x0000015987d1e840 to 0x0000015987d1e8d1
Event: 10.724 Thread 0x00000159f738cd90 Exception <a 'java/lang/NoSuchMethodError'{0x00000007473c8a20}: 'java.lang.Object java.lang.invoke.DirectMethodHandle$Holder.newInvokeSpecial(java.lang.Object, int, java.lang.Object)'> (0x00000007473c8a20) 
thrown [s\src\hotspot\share\interpreter\linkResolver.cpp, line 771]
Event: 10.725 Thread 0x00000159f738cd90 Exception <a 'java/lang/NoSuchMethodError'{0x00000007473cf550}: 'int java.lang.invoke.DirectMethodHandle$Holder.invokeInterface(java.lang.Object, java.lang.Object)'> (0x00000007473cf550) 
thrown [s\src\hotspot\share\interpreter\linkResolver.cpp, line 771]
Event: 10.782 Thread 0x00000159f738cd90 Exception <a 'java/lang/NoSuchMethodError'{0x00000007470be460}: 'java.lang.Object java.lang.invoke.DirectMethodHandle$Holder.newInvokeSpecial(java.lang.Object, java.lang.Object, java.lang.Object, java.lang.Object, java.lang.Object, java.lang.Object, java.lang.Object)'> (0x00000007470be460) 
thrown [s\src\hotspot\share\interpreter\linkResolver.cpp, line 771]
Event: 10.783 Thread 0x00000159f738cd90 Exception <a 'java/lang/NoSuchMethodError'{0x00000007470c3018}: 'java.lang.Object java.lang.invoke.Invokers$Holder.linkToTargetMethod(java.lang.Object, java.lang.Object, java.lang.Object, java.lang.Object, java.lang.Object, java.lang.Object, java.lang.Object)'> (0x00000007470c3018) 
thrown [s\src\hotspot\share\interpreter\linkResolver.cpp, line 771]
Event: 11.097 Thread 0x00000159f738cd90 Implicit null exception at 0x0000015987b71c8f to 0x0000015987b71f18
Event: 12.301 Thread 0x00000159f738cd90 Exception <a 'java/lang/NoSuchMethodError'{0x0000000749833710}: 'java.lang.Object java.lang.invoke.DirectMethodHandle$Holder.invokeSpecial(java.lang.Object, java.lang.Object, int, int, java.lang.Object, java.lang.Object, java.lang.Object, java.lang.Object, java.lang.Object)'> (0x0000000749833710) 
thrown [s\src\hotspot\share\interpreter\linkResolver.cpp, line 771]
Event: 12.303 Thread 0x00000159f738cd90 Exception <a 'java/lang/NoSuchMethodError'{0x000000074984da68}: 'java.lang.Object java.lang.invoke.DirectMethodHandle$Holder.invokeStatic(java.lang.Object, int, java.lang.Object)'> (0x000000074984da68) 
thrown [s\src\hotspot\share\interpreter\linkResolver.cpp, line 771]
Event: 12.309 Thread 0x00000159f738cd90 Exception <a 'java/lang/NoSuchMethodError'{0x0000000749875b10}: 'java.lang.Object java.lang.invoke.DirectMethodHandle$Holder.newInvokeSpecial(java.lang.Object, int, java.lang.Object, java.lang.Object)'> (0x0000000749875b10) 
thrown [s\src\hotspot\share\interpreter\linkResolver.cpp, line 771]
Event: 13.793 Thread 0x00000159f738cd90 Implicit null exception at 0x0000015987b3eca0 to 0x0000015987b3efa8
Event: 16.626 Thread 0x00000159f738cd90 Implicit null exception at 0x0000015987ed81c0 to 0x0000015987ed8412

VM Operations (20 events):
Event: 16.650 Executing VM operation: ICBufferFull
Event: 16.650 Executing VM operation: ICBufferFull done
Event: 16.741 Executing VM operation: HandshakeAllThreads
Event: 16.741 Executing VM operation: HandshakeAllThreads done
Event: 16.750 Executing VM operation: HandshakeAllThreads
Event: 16.750 Executing VM operation: HandshakeAllThreads done
Event: 16.750 Executing VM operation: HandshakeAllThreads
Event: 16.750 Executing VM operation: HandshakeAllThreads done
Event: 16.760 Executing VM operation: HandshakeAllThreads
Event: 16.760 Executing VM operation: HandshakeAllThreads done
Event: 16.764 Executing VM operation: HandshakeAllThreads
Event: 16.764 Executing VM operation: HandshakeAllThreads done
Event: 16.769 Executing VM operation: ICBufferFull
Event: 16.770 Executing VM operation: ICBufferFull done
Event: 16.818 Executing VM operation: HandshakeAllThreads
Event: 16.818 Executing VM operation: HandshakeAllThreads done
Event: 17.182 Executing VM operation: HandshakeAllThreads
Event: 17.182 Executing VM operation: HandshakeAllThreads done
Event: 17.338 Executing VM operation: ICBufferFull
Event: 17.338 Executing VM operation: ICBufferFull done

Events (20 events):
Event: 16.751 Thread 0x00000159980bfb50 flushing nmethod 0x0000015987c05d90
Event: 16.751 Thread 0x00000159980bfb50 flushing nmethod 0x0000015987c1d110
Event: 16.751 Thread 0x00000159980bfb50 flushing nmethod 0x0000015987d2ec10
Event: 16.752 Thread 0x00000159980bfb50 flushing nmethod 0x0000015987deca90
Event: 16.752 Thread 0x00000159980bfb50 flushing nmethod 0x0000015987dfa510
Event: 16.752 Thread 0x00000159980bfb50 flushing nmethod 0x0000015987e28710
Event: 16.752 Thread 0x00000159980bfb50 flushing nmethod 0x0000015987e3cb10
Event: 16.752 Thread 0x00000159980bfb50 flushing nmethod 0x0000015987eb3a90
Event: 16.753 Thread 0x00000159980bfb50 flushing nmethod 0x00000159800b8c10
Event: 16.753 Thread 0x00000159980bfb50 flushing nmethod 0x00000159800cc510
Event: 16.753 Thread 0x00000159980bfb50 flushing nmethod 0x00000159800e8710
Event: 16.754 Thread 0x00000159980bfb50 flushing nmethod 0x00000159802c8890
Event: 16.755 Thread 0x00000159980bfb50 flushing nmethod 0x00000159803e5390
Event: 16.755 Thread 0x00000159980bfb50 flushing nmethod 0x00000159804a9490
Event: 16.756 Thread 0x00000159980bfb50 flushing nmethod 0x00000159805c4790
Event: 16.760 Thread 0x00000159980bfb50 flushing nmethod 0x0000015980a82010
Event: 16.764 Thread 0x00000159980bfb50 flushing nmethod 0x0000015980e64310
Event: 16.765 Thread 0x00000159980bfb50 flushing nmethod 0x0000015980eeec10
Event: 17.230 loading class java/util/Vector$Itr
Event: 17.230 loading class java/util/Vector$Itr done


Dynamic libraries:
0x00007ff7760c0000 - 0x00007ff7760ca000 	D:\android-studio\jbr\bin\java.exe
0x00007ffc1c310000 - 0x00007ffc1c527000 	C:\WINDOWS\SYSTEM32\ntdll.dll
0x00007ffc1acd0000 - 0x00007ffc1ad94000 	C:\WINDOWS\System32\KERNEL32.DLL
0x00007ffc19760000 - 0x00007ffc19b17000 	C:\WINDOWS\System32\KERNELBASE.dll
0x00007ffc19e80000 - 0x00007ffc19f91000 	C:\WINDOWS\System32\ucrtbase.dll
0x00007ffc077e0000 - 0x00007ffc077f7000 	D:\android-studio\jbr\bin\jli.dll
0x00007ffc1b6e0000 - 0x00007ffc1b88f000 	C:\WINDOWS\System32\USER32.dll
0x00007ffbf11a0000 - 0x00007ffbf11bb000 	D:\android-studio\jbr\bin\VCRUNTIME140.dll
0x00007ffc01a80000 - 0x00007ffc01d13000 	C:\WINDOWS\WinSxS\amd64_microsoft.windows.common-controls_6595b64144ccf1df_6.0.22621.3646_none_27105dd3738543d4\COMCTL32.dll
0x00007ffc1b630000 - 0x00007ffc1b6d7000 	C:\WINDOWS\System32\msvcrt.dll
0x00007ffc1b3e0000 - 0x00007ffc1b409000 	C:\WINDOWS\System32\GDI32.dll
0x00007ffc19cc0000 - 0x00007ffc19dd9000 	C:\WINDOWS\System32\gdi32full.dll
0x00007ffc19fa0000 - 0x00007ffc1a03a000 	C:\WINDOWS\System32\msvcp_win.dll
0x00007ffc19e50000 - 0x00007ffc19e76000 	C:\WINDOWS\System32\win32u.dll
0x00007ffc1ab90000 - 0x00007ffc1abc1000 	C:\WINDOWS\System32\IMM32.DLL
0x00007ffc14de0000 - 0x00007ffc14dec000 	D:\android-studio\jbr\bin\vcruntime140_1.dll
0x00007ffbeb620000 - 0x00007ffbeb6ad000 	D:\android-studio\jbr\bin\msvcp140.dll
0x00007ffb8efb0000 - 0x00007ffb8fc30000 	D:\android-studio\jbr\bin\server\jvm.dll
0x00007ffc1a8d0000 - 0x00007ffc1a982000 	C:\WINDOWS\System32\ADVAPI32.dll
0x00007ffc1b330000 - 0x00007ffc1b3d9000 	C:\WINDOWS\System32\sechost.dll
0x00007ffc19b20000 - 0x00007ffc19b48000 	C:\WINDOWS\System32\bcrypt.dll
0x00007ffc1b410000 - 0x00007ffc1b524000 	C:\WINDOWS\System32\RPCRT4.dll
0x00007ffc14dd0000 - 0x00007ffc14dd9000 	C:\WINDOWS\SYSTEM32\WSOCK32.dll
0x00007ffc1b890000 - 0x00007ffc1b901000 	C:\WINDOWS\System32\WS2_32.dll
0x00007ffc13dc0000 - 0x00007ffc13df4000 	C:\WINDOWS\SYSTEM32\WINMM.dll
0x00007ffc12c70000 - 0x00007ffc12c7a000 	C:\WINDOWS\SYSTEM32\VERSION.dll
0x00007ffc18630000 - 0x00007ffc18648000 	C:\WINDOWS\SYSTEM32\kernel.appcore.dll
0x00007ffc130b0000 - 0x00007ffc130ba000 	D:\android-studio\jbr\bin\jimage.dll
0x00007ffc16f20000 - 0x00007ffc17152000 	C:\WINDOWS\SYSTEM32\DBGHELP.DLL
0x00007ffc1bd30000 - 0x00007ffc1c0be000 	C:\WINDOWS\System32\combase.dll
0x00007ffc1b550000 - 0x00007ffc1b627000 	C:\WINDOWS\System32\OLEAUT32.dll
0x00007ffbe78b0000 - 0x00007ffbe78e2000 	C:\WINDOWS\SYSTEM32\dbgcore.DLL
0x00007ffc19620000 - 0x00007ffc1969b000 	C:\WINDOWS\System32\bcryptPrimitives.dll
0x00007ffc080b0000 - 0x00007ffc080d5000 	D:\android-studio\jbr\bin\java.dll
0x00007ffc08010000 - 0x00007ffc08028000 	D:\android-studio\jbr\bin\zip.dll
0x00007ffc1a060000 - 0x00007ffc1a8c9000 	C:\WINDOWS\System32\SHELL32.dll
0x00007ffc17550000 - 0x00007ffc17e50000 	C:\WINDOWS\SYSTEM32\windows.storage.dll
0x00007ffc17410000 - 0x00007ffc1754f000 	C:\WINDOWS\SYSTEM32\wintypes.dll
0x00007ffc1bb30000 - 0x00007ffc1bc29000 	C:\WINDOWS\System32\SHCORE.dll
0x00007ffc1bad0000 - 0x00007ffc1bb2e000 	C:\WINDOWS\System32\shlwapi.dll
0x00007ffc19550000 - 0x00007ffc19576000 	C:\WINDOWS\SYSTEM32\profapi.dll
0x00007ffc07ff0000 - 0x00007ffc08009000 	D:\android-studio\jbr\bin\net.dll
0x00007ffc12c80000 - 0x00007ffc12db6000 	C:\WINDOWS\SYSTEM32\WINHTTP.dll
0x00007ffc18ac0000 - 0x00007ffc18b29000 	C:\WINDOWS\system32\mswsock.dll
0x00007ffc07890000 - 0x00007ffc078a6000 	D:\android-studio\jbr\bin\nio.dll
0x00007ffc127b0000 - 0x00007ffc127c0000 	D:\android-studio\jbr\bin\verify.dll

dbghelp: loaded successfully - version: 4.0.5 - missing functions: none
symbol engine: initialized successfully - sym options: 0x614 - pdb path: .;D:\android-studio\jbr\bin;C:\WINDOWS\SYSTEM32;C:\WINDOWS\WinSxS\amd64_microsoft.windows.common-controls_6595b64144ccf1df_6.0.22621.3646_none_27105dd3738543d4;D:\android-studio\jbr\bin\server

VM Arguments:
java_command: org.jetbrains.kotlin.cli.jvm.K2JVMCompiler @C:\Users\pawan\AndroidStudioProjects\MyApplication2\app\build\20240909_15907365995975025011.compiler.options
java_class_path (initial): C:\Users\pawan\.gradle\caches\modules-2\files-2.1\org.jetbrains.kotlin\kotlin-compiler-embeddable\1.9.0\2c8c3a7402becca891f12739b3e9fd2dc2adbd7a\kotlin-compiler-embeddable-1.9.0.jar;C:\Users\pawan\.gradle\caches\modules-2\files-2.1\org.jetbrains.kotlin\kotlin-stdlib\1.9.0\8ee15ef0c67dc83d874f412d84378d7f0eb50b63\kotlin-stdlib-1.9.0.jar;C:\Users\pawan\.gradle\caches\modules-2\files-2.1\org.jetbrains.kotlin\kotlin-script-runtime\1.9.0\4b3102cbbb7e1b58d9d1adf89563f00069ffa7d1\kotlin-script-runtime-1.9.0.jar;C:\Users\pawan\.gradle\caches\modules-2\files-2.1\org.jetbrains.kotlin\kotlin-reflect\1.6.10\1cbe9c92c12a94eea200d23c2bbaedaf3daf5132\kotlin-reflect-1.6.10.jar;C:\Users\pawan\.gradle\caches\modules-2\files-2.1\org.jetbrains.kotlin\kotlin-daemon-embeddable\1.9.0\186543f5e28cf8d9a0290fecc2cf34301c40a65c\kotlin-daemon-embeddable-1.9.0.jar;C:\Users\pawan\.gradle\caches\modules-2\files-2.1\org.jetbrains.intellij.deps\trove4j\1.0.20200330\3afb14d5f9ceb459d724e907a21145e8ff394f02\trove4j-1.0.20200330.jar;C:\Users\pawan\.gradle\caches\modules-2\files-2.1\org.jetbrains.kotlin\kotlin-stdlib-common\1.9.0\cd65c21cfd1eec4d44ef09f9f52b6d9f8a720636\kotlin-stdlib-common-1.9.0.jar;C:\Users\pawan\.gradle\caches\modules-2\files-2.1\org.jetbrains\annotations\13.0\919f0dfe192fb4e063e7dacadee7f8bb9a2672a9\annotations-13.0.jar
Launcher Type: SUN_STANDARD

[Global flags]
     intx CICompilerCount                          = 3                                         {product} {ergonomic}
     uint ConcGCThreads                            = 1                                         {product} {ergonomic}
     uint G1ConcRefinementThreads                  = 4                                         {product} {ergonomic}
   size_t G1HeapRegionSize                         = 2097152                                   {product} {ergonomic}
    uintx GCDrainStackTargetSize                   = 64                                        {product} {ergonomic}
   size_t InitialHeapSize                          = 199229440                                 {product} {ergonomic}
   size_t MarkStackSize                            = 4194304                                   {product} {ergonomic}
   size_t MaxHeapSize                              = 3179282432                                {product} {ergonomic}
   size_t MaxNewSize                               = 1906311168                                {product} {ergonomic}
   size_t MinHeapDeltaBytes                        = 2097152                                   {product} {ergonomic}
   size_t MinHeapSize                              = 8388608                                   {product} {ergonomic}
    uintx NonNMethodCodeHeapSize                   = 5832780                                {pd product} {ergonomic}
    uintx NonProfiledCodeHeapSize                  = 122912730                              {pd product} {ergonomic}
    uintx ProfiledCodeHeapSize                     = 122912730                              {pd product} {ergonomic}
    uintx ReservedCodeCacheSize                    = 251658240                              {pd product} {ergonomic}
     bool SegmentedCodeCache                       = true                                      {product} {ergonomic}
   size_t SoftMaxHeapSize                          = 3179282432                             {manageable} {ergonomic}
     bool UseCompressedClassPointers               = true                           {product lp64_product} {ergonomic}
     bool UseCompressedOops                        = true                           {product lp64_product} {ergonomic}
     bool UseG1GC                                  = true                                      {product} {ergonomic}
     bool UseLargePagesIndividualAllocation        = false                                  {pd product} {ergonomic}

Logging:
Log output configuration:
 #0: stdout all=warning uptime,level,tags
 #1: stderr all=off uptime,level,tags

Environment Variables:
PATH=C:\Program Files (x86)\VMware\VMware Workstation\bin\;C:\Python312\Scripts\;C:\Python312\;C:\Python311\Scripts\;C:\Python311\;C:\WINDOWS\system32;C:\WINDOWS;C:\WINDOWS\System32\Wbem;C:\WINDOWS\System32\WindowsPowerShell\v1.0\;C:\WINDOWS\System32\OpenSSH\;C:\Program Files\Java\jdk-18.0.2\bin;C:\msys64\mingw64\bin;C:\ProgramData\chocolatey\bin;C:\msys64\mingw64\bin;C:\MinGW\bin;C:\Program Files\nodejs\;C:\Program Files\Git\cmd;C:\Users\pawan\AppData\Local\Microsoft\WindowsApps;C:\MinGW\bin;C:\Program Files\JetBrains\WebStorm 2023.1.2\bin;;C:\Users\pawan\AppData\Local\Programs\Microsoft VS Code\bin;C:\Users\pawan\AppData\Roaming\npm;C:\Users\pawan\AppData\Local\GitHubDesktop\bin
USERNAME=pawan
OS=Windows_NT
PROCESSOR_IDENTIFIER=Intel64 Family 6 Model 142 Stepping 12, GenuineIntel
TMP=C:\Users\pawan\AppData\Local\Temp
TEMP=C:\Users\pawan\AppData\Local\Temp


JNI global refs:
JNI global refs: 9, weak refs: 0

JNI global refs memory usage: 843, weak refs: 841

OOME stack traces (most recent first):
Classloader memory used:
Loader jdk.internal.loader.ClassLoaders$AppClassLoader                                 : 8218K
Loader bootstrap                                                                       : 1420K
Loader java.net.URLClassLoader                                                         : 239K
Loader jdk.internal.reflect.DelegatingClassLoader                                      : 11155B


---------------  S Y S T E M  ---------------

OS:
 Windows 11 , 64 bit Build 22621 (10.0.22621.4000)
OS uptime: 0 days 2:15 hours
Hyper-V role detected

CPU: total 4 (initial active 4) (2 cores per cpu, 2 threads per core) family 6 model 142 stepping 12 microcode 0xf0, cx8, cmov, fxsr, ht, mmx, 3dnowpref, sse, sse2, sse3, ssse3, sse4.1, sse4.2, popcnt, lzcnt, tsc, tscinvbit, avx, avx2, aes, erms, clmul, bmi1, bmi2, adx, fma, vzeroupper, clflush, clflushopt, hv

Memory: 4k page, system-wide physical 12122M (1285M free)
TotalPageFile size 12122M (AvailPageFile size 5M)
current process WorkingSet (physical memory assigned to process): 334M, peak: 334M
current process commit charge ("private bytes"): 364M, peak: 366M

vm_info: OpenJDK 64-Bit Server VM (17.0.7+0-b2043.56-10550314) for windows-amd64 JRE (17.0.7+0-b2043.56-10550314), built on Jul 24 2023 18:27:45 by "androidbuild" with MS VC++ 16.10 / 16.11 (VS2019)

END.
