#
# There is insufficient memory for the Java Runtime Environment to continue.
# Native memory allocation (malloc) failed to allocate 1048576 bytes for AllocateHeap
# Possible reasons:
#   The system is out of physical RAM or swap space
#   The process is running with CompressedOops enabled, and the Java Heap may be blocking the growth of the native heap
# Possible solutions:
#   Reduce memory load on the system
#   Increase physical memory or swap space
#   Check if swap backing store is full
#   Decrease Java heap size (-Xmx/-Xms)
#   Decrease number of Java threads
#   Decrease Java thread stack sizes (-Xss)
#   Set larger code cache with -XX:ReservedCodeCacheSize=
#   JVM is running with Zero Based Compressed Oops mode in which the Java heap is
#     placed in the first 32GB address space. The Java Heap base address is the
#     maximum limit for the native heap growth. Please use -XX:HeapBaseMinAddress
#     to set the Java Heap base and to place the Java Heap above 32GB virtual address.
# This output file may be truncated or incomplete.
#
#  Out of Memory Error (allocation.cpp:44), pid=6268, tid=16516
#
# JRE version:  (17.0.7) (build )
# Java VM: OpenJDK 64-Bit Server VM (17.0.7+0-b2043.56-10550314, mixed mode, sharing, tiered, compressed oops, compressed class ptrs, g1 gc, windows-amd64)
# No core dump will be written. Minidumps are not enabled by default on client versions of Windows
#

---------------  S U M M A R Y ------------

Command Line: org.jetbrains.kotlin.cli.jvm.K2JVMCompiler @C:\Users\pawan\AndroidStudioProjects\MyApplication2\app\build\20240909_12843277951713693069.compiler.options

Host: Intel(R) Core(TM) i3-10110U CPU @ 2.10GHz, 4 cores, 11G,  Windows 11 , 64 bit Build 22621 (10.0.22621.4000)
Time: Mon Sep  9 22:11:21 2024 India Standard Time elapsed time: 0.014868 seconds (0d 0h 0m 0s)

---------------  T H R E A D  ---------------

Current thread (0x0000024770d8d6e0):  JavaThread "Unknown thread" [_thread_in_vm, id=16516, stack(0x000000e4d0100000,0x000000e4d0200000)]

Stack: [0x000000e4d0100000,0x000000e4d0200000]
Native frames: (J=compiled Java code, j=interpreted, Vv=VM code, C=native code)
V  [jvm.dll+0x683bfa]
V  [jvm.dll+0x8430a4]
V  [jvm.dll+0x8449be]
V  [jvm.dll+0x845023]
V  [jvm.dll+0x24ad2f]
V  [jvm.dll+0xa69cf]
V  [jvm.dll+0x2ea707]
V  [jvm.dll+0x2e23eb]
V  [jvm.dll+0x814391]
V  [jvm.dll+0x36ffe1]
V  [jvm.dll+0x7f396c]
V  [jvm.dll+0x3f305f]
V  [jvm.dll+0x3f4b91]
C  [jli.dll+0x528f]
C  [ucrtbase.dll+0x29333]
C  [KERNEL32.DLL+0x1257d]
C  [ntdll.dll+0x5af28]


---------------  P R O C E S S  ---------------

Threads class SMR info:
_java_thread_list=0x00007ffb8faed098, length=0, elements={
}

Java Threads: ( => current thread )

Other Threads:
  0x0000024770de8500 GCTaskThread "GC Thread#0" [stack: 0x000000e4d0300000,0x000000e4d0400000] [id=13644]

[error occurred during error reporting (printing all threads), id 0xc0000005, EXCEPTION_ACCESS_VIOLATION (0xc0000005) at pc=0x00007ffb8f29f650]

VM state: not at safepoint (not fully initialized)

VM Mutex/Monitor currently owned by a thread:  ([mutex/lock_event])
[0x0000024770d8a2e0] Heap_lock - owner thread: 0x0000024770d8d6e0

Heap address: 0x0000000742800000, size: 3032 MB, Compressed Oops mode: Zero based, Oop shift amount: 3

CDS archive(s) mapped at: [0x0000000000000000-0x0000000000000000-0x0000000000000000), size 0, SharedBaseAddress: 0x0000000800000000, ArchiveRelocationMode: 0.
Narrow klass base: 0x0000000000000000, Narrow klass shift: 0, Narrow klass range: 0x0

GC Precious Log:
<Empty>

Heap:
 garbage-first heap   total 0K, used 0K [0x0000000742800000, 0x0000000800000000)
  region size 2048K, 0 young (0K), 0 survivors (0K)
 Metaspace       used 0K, committed 0K, reserved 0K
  class space    used 0K, committed 0K, reserved 0K

Heap Regions: E=young(eden), S=young(survivor), O=old, HS=humongous(starts), HC=humongous(continues), CS=collection set, F=free, OA=open archive, CA=closed archive, TAMS=top-at-mark-start (previous, next)

Card table byte_map: [0x0000024774850000,0x0000024774e40000] _byte_map_base: 0x0000024770e3c000

GC Heap History (0 events):
No events

Dll operation events (1 events):
Event: 0.010 Loaded shared library D:\android-studio\jbr\bin\java.dll

Deoptimization events (0 events):
No events

Classes unloaded (0 events):
No events

Classes redefined (0 events):
No events

Internal exceptions (0 events):
No events

VM Operations (0 events):
No events

Events (0 events):
No events


Dynamic libraries:
0x00007ff7760c0000 - 0x00007ff7760ca000 	D:\android-studio\jbr\bin\java.exe
0x00007ffc1c310000 - 0x00007ffc1c527000 	C:\WINDOWS\SYSTEM32\ntdll.dll
0x00007ffc1acd0000 - 0x00007ffc1ad94000 	C:\WINDOWS\System32\KERNEL32.DLL
0x00007ffc19760000 - 0x00007ffc19b17000 	C:\WINDOWS\System32\KERNELBASE.dll
0x00007ffc19e80000 - 0x00007ffc19f91000 	C:\WINDOWS\System32\ucrtbase.dll
0x00007ffc077e0000 - 0x00007ffc077f7000 	D:\android-studio\jbr\bin\jli.dll
0x00007ffc1b6e0000 - 0x00007ffc1b88f000 	C:\WINDOWS\System32\USER32.dll
0x00007ffc19e50000 - 0x00007ffc19e76000 	C:\WINDOWS\System32\win32u.dll
0x00007ffc1b3e0000 - 0x00007ffc1b409000 	C:\WINDOWS\System32\GDI32.dll
0x00007ffc19cc0000 - 0x00007ffc19dd9000 	C:\WINDOWS\System32\gdi32full.dll
0x00007ffc19fa0000 - 0x00007ffc1a03a000 	C:\WINDOWS\System32\msvcp_win.dll
0x00007ffbf11a0000 - 0x00007ffbf11bb000 	D:\android-studio\jbr\bin\VCRUNTIME140.dll
0x00007ffc01a80000 - 0x00007ffc01d13000 	C:\WINDOWS\WinSxS\amd64_microsoft.windows.common-controls_6595b64144ccf1df_6.0.22621.3646_none_27105dd3738543d4\COMCTL32.dll
0x00007ffc1b630000 - 0x00007ffc1b6d7000 	C:\WINDOWS\System32\msvcrt.dll
0x00007ffc1ab90000 - 0x00007ffc1abc1000 	C:\WINDOWS\System32\IMM32.DLL
0x00007ffc14de0000 - 0x00007ffc14dec000 	D:\android-studio\jbr\bin\vcruntime140_1.dll
0x00007ffbeb620000 - 0x00007ffbeb6ad000 	D:\android-studio\jbr\bin\msvcp140.dll
0x00007ffb8efb0000 - 0x00007ffb8fc30000 	D:\android-studio\jbr\bin\server\jvm.dll
0x00007ffc1a8d0000 - 0x00007ffc1a982000 	C:\WINDOWS\System32\ADVAPI32.dll
0x00007ffc1b330000 - 0x00007ffc1b3d9000 	C:\WINDOWS\System32\sechost.dll
0x00007ffc19b20000 - 0x00007ffc19b48000 	C:\WINDOWS\System32\bcrypt.dll
0x00007ffc1b410000 - 0x00007ffc1b524000 	C:\WINDOWS\System32\RPCRT4.dll
0x00007ffc14dd0000 - 0x00007ffc14dd9000 	C:\WINDOWS\SYSTEM32\WSOCK32.dll
0x00007ffc1b890000 - 0x00007ffc1b901000 	C:\WINDOWS\System32\WS2_32.dll
0x00007ffc13dc0000 - 0x00007ffc13df4000 	C:\WINDOWS\SYSTEM32\WINMM.dll
0x00007ffc12c70000 - 0x00007ffc12c7a000 	C:\WINDOWS\SYSTEM32\VERSION.dll
0x00007ffc18630000 - 0x00007ffc18648000 	C:\WINDOWS\SYSTEM32\kernel.appcore.dll
0x00007ffc130b0000 - 0x00007ffc130ba000 	D:\android-studio\jbr\bin\jimage.dll
0x00007ffc16f20000 - 0x00007ffc17152000 	C:\WINDOWS\SYSTEM32\DBGHELP.DLL
0x00007ffc1bd30000 - 0x00007ffc1c0be000 	C:\WINDOWS\System32\combase.dll
0x00007ffc1b550000 - 0x00007ffc1b627000 	C:\WINDOWS\System32\OLEAUT32.dll
0x00007ffbe78b0000 - 0x00007ffbe78e2000 	C:\WINDOWS\SYSTEM32\dbgcore.DLL
0x00007ffc19620000 - 0x00007ffc1969b000 	C:\WINDOWS\System32\bcryptPrimitives.dll
0x00007ffc080b0000 - 0x00007ffc080d5000 	D:\android-studio\jbr\bin\java.dll

dbghelp: loaded successfully - version: 4.0.5 - missing functions: none
symbol engine: initialized successfully - sym options: 0x614 - pdb path: .;D:\android-studio\jbr\bin;C:\WINDOWS\SYSTEM32;C:\WINDOWS\WinSxS\amd64_microsoft.windows.common-controls_6595b64144ccf1df_6.0.22621.3646_none_27105dd3738543d4;D:\android-studio\jbr\bin\server

VM Arguments:
java_command: org.jetbrains.kotlin.cli.jvm.K2JVMCompiler @C:\Users\pawan\AndroidStudioProjects\MyApplication2\app\build\20240909_12843277951713693069.compiler.options
java_class_path (initial): C:\Users\pawan\.gradle\caches\modules-2\files-2.1\org.jetbrains.kotlin\kotlin-compiler-embeddable\1.9.0\2c8c3a7402becca891f12739b3e9fd2dc2adbd7a\kotlin-compiler-embeddable-1.9.0.jar;C:\Users\pawan\.gradle\caches\modules-2\files-2.1\org.jetbrains.kotlin\kotlin-stdlib\1.9.0\8ee15ef0c67dc83d874f412d84378d7f0eb50b63\kotlin-stdlib-1.9.0.jar;C:\Users\pawan\.gradle\caches\modules-2\files-2.1\org.jetbrains.kotlin\kotlin-script-runtime\1.9.0\4b3102cbbb7e1b58d9d1adf89563f00069ffa7d1\kotlin-script-runtime-1.9.0.jar;C:\Users\pawan\.gradle\caches\modules-2\files-2.1\org.jetbrains.kotlin\kotlin-reflect\1.6.10\1cbe9c92c12a94eea200d23c2bbaedaf3daf5132\kotlin-reflect-1.6.10.jar;C:\Users\pawan\.gradle\caches\modules-2\files-2.1\org.jetbrains.kotlin\kotlin-daemon-embeddable\1.9.0\186543f5e28cf8d9a0290fecc2cf34301c40a65c\kotlin-daemon-embeddable-1.9.0.jar;C:\Users\pawan\.gradle\caches\modules-2\files-2.1\org.jetbrains.intellij.deps\trove4j\1.0.20200330\3afb14d5f9ceb459d724e907a21145e8ff394f02\trove4j-1.0.20200330.jar;C:\Users\pawan\.gradle\caches\modules-2\files-2.1\org.jetbrains.kotlin\kotlin-stdlib-common\1.9.0\cd65c21cfd1eec4d44ef09f9f52b6d9f8a720636\kotlin-stdlib-common-1.9.0.jar;C:\Users\pawan\.gradle\caches\modules-2\files-2.1\org.jetbrains\annotations\13.0\919f0dfe192fb4e063e7dacadee7f8bb9a2672a9\annotations-13.0.jar
Launcher Type: SUN_STANDARD

[Global flags]
     intx CICompilerCount                          = 3                                         {product} {ergonomic}
     uint ConcGCThreads                            = 1                                         {product} {ergonomic}
     uint G1ConcRefinementThreads                  = 4                                         {product} {ergonomic}
   size_t G1HeapRegionSize                         = 2097152                                   {product} {ergonomic}
    uintx GCDrainStackTargetSize                   = 64                                        {product} {ergonomic}
   size_t InitialHeapSize                          = 199229440                                 {product} {ergonomic}
   size_t MarkStackSize                            = 4194304                                   {product} {ergonomic}
   size_t MaxHeapSize                              = 3179282432                                {product} {ergonomic}
   size_t MinHeapDeltaBytes                        = 2097152                                   {product} {ergonomic}
   size_t MinHeapSize                              = 8388608                                   {product} {ergonomic}
    uintx NonNMethodCodeHeapSize                   = 5832780                                {pd product} {ergonomic}
    uintx NonProfiledCodeHeapSize                  = 122912730                              {pd product} {ergonomic}
    uintx ProfiledCodeHeapSize                     = 122912730                              {pd product} {ergonomic}
    uintx ReservedCodeCacheSize                    = 251658240                              {pd product} {ergonomic}
     bool SegmentedCodeCache                       = true                                      {product} {ergonomic}
   size_t SoftMaxHeapSize                          = 3179282432                             {manageable} {ergonomic}
     bool UseCompressedClassPointers               = true                           {product lp64_product} {ergonomic}
     bool UseCompressedOops                        = true                           {product lp64_product} {ergonomic}
     bool UseG1GC                                  = true                                      {product} {ergonomic}
     bool UseLargePagesIndividualAllocation        = false                                  {pd product} {ergonomic}

Logging:
Log output configuration:
 #0: stdout all=warning uptime,level,tags
 #1: stderr all=off uptime,level,tags

Environment Variables:
PATH=C:\Program Files (x86)\VMware\VMware Workstation\bin\;C:\Python312\Scripts\;C:\Python312\;C:\Python311\Scripts\;C:\Python311\;C:\WINDOWS\system32;C:\WINDOWS;C:\WINDOWS\System32\Wbem;C:\WINDOWS\System32\WindowsPowerShell\v1.0\;C:\WINDOWS\System32\OpenSSH\;C:\Program Files\Java\jdk-18.0.2\bin;C:\msys64\mingw64\bin;C:\ProgramData\chocolatey\bin;C:\msys64\mingw64\bin;C:\MinGW\bin;C:\Program Files\nodejs\;C:\Program Files\Git\cmd;C:\Users\pawan\AppData\Local\Microsoft\WindowsApps;C:\MinGW\bin;C:\Program Files\JetBrains\WebStorm 2023.1.2\bin;;C:\Users\pawan\AppData\Local\Programs\Microsoft VS Code\bin;C:\Users\pawan\AppData\Roaming\npm;C:\Users\pawan\AppData\Local\GitHubDesktop\bin
USERNAME=pawan
OS=Windows_NT
PROCESSOR_IDENTIFIER=Intel64 Family 6 Model 142 Stepping 12, GenuineIntel
TMP=C:\Users\pawan\AppData\Local\Temp
TEMP=C:\Users\pawan\AppData\Local\Temp


JNI global refs:
JNI global refs: 0, weak refs: 0

JNI global refs memory usage: 0, weak refs: 0

OOME stack traces (most recent first):
Classloader memory used:


---------------  S Y S T E M  ---------------

OS:
 Windows 11 , 64 bit Build 22621 (10.0.22621.4000)
OS uptime: 0 days 2:14 hours
Hyper-V role detected

CPU: total 4 (initial active 4) (2 cores per cpu, 2 threads per core) family 6 model 142 stepping 12 microcode 0xf0, cx8, cmov, fxsr, ht, mmx, 3dnowpref, sse, sse2, sse3, ssse3, sse4.1, sse4.2, popcnt, lzcnt, tsc, tscinvbit, avx, avx2, aes, erms, clmul, bmi1, bmi2, adx, fma, vzeroupper, clflush, clflushopt, hv

Memory: 4k page, system-wide physical 12122M (1426M free)
TotalPageFile size 12122M (AvailPageFile size 5M)
current process WorkingSet (physical memory assigned to process): 11M, peak: 11M
current process commit charge ("private bytes"): 47M, peak: 48M

vm_info: OpenJDK 64-Bit Server VM (17.0.7+0-b2043.56-10550314) for windows-amd64 JRE (17.0.7+0-b2043.56-10550314), built on Jul 24 2023 18:27:45 by "androidbuild" with MS VC++ 16.10 / 16.11 (VS2019)

END.
